# JRE version: OpenJDK Runtime Environment (8.0_112-b06) (build 1.8.0_112-release-b06)
# Java VM: OpenJDK 64-Bit Server VM (25.112-b06 mixed mode linux-amd64 compressed oops)
Heap:
 PSYoungGen      total 178176K, used 29173K [0x00000000eab00000, 0x00000000f9400000, 0x0000000100000000)
  eden space 148992K, 0% used [0x00000000eab00000,0x00000000eab00000,0x00000000f3c80000)
  from space 29184K, 99% used [0x00000000f5b00000,0x00000000f777d520,0x00000000f7780000)
  to   space 20480K, 0% used [0x00000000f8000000,0x00000000f8000000,0x00000000f9400000)
 ParOldGen       total 77824K, used 56904K [0x00000000c0000000, 0x00000000c4c00000, 0x00000000eab00000)
  object space 77824K, 73% used [0x00000000c0000000,0x00000000c37921d0,0x00000000c4c00000)
 Metaspace       used 6250K, capacity 7216K, committed 7296K, reserved 1056768K
  class space    used 580K, capacity 616K, committed 640K, reserved 1048576K
GC Heap History (10 events):
Event: 6.457 GC heap after
Heap after GC invocations=7 (full 0):
 PSYoungGen      total 71680K, used 9723K [0x00000000eab00000, 0x00000000f4000000, 0x0000000100000000)
  eden space 61952K, 0% used [0x00000000eab00000,0x00000000eab00000,0x00000000ee780000)
  from space 9728K, 99% used [0x00000000ee780000,0x00000000ef0fee38,0x00000000ef100000)
  to   space 14336K, 0% used [0x00000000f3200000,0x00000000f3200000,0x00000000f4000000)
 ParOldGen       total 42496K, used 17330K [0x00000000c0000000, 0x00000000c2980000, 0x00000000eab00000)
  object space 42496K, 40% used [0x00000000c0000000,0x00000000c10ec8f0,0x00000000c2980000)
 Metaspace       used 5804K, capacity 6960K, committed 7040K, reserved 1056768K
  class space    used 562K, capacity 616K, committed 640K, reserved 1048576K
}
Event: 7.381 GC heap before
{Heap before GC invocations=8 (full 0):
 PSYoungGen      total 71680K, used 71675K [0x00000000eab00000, 0x00000000f4000000, 0x0000000100000000)
  eden space 61952K, 100% used [0x00000000eab00000,0x00000000ee780000,0x00000000ee780000)
  from space 9728K, 99% used [0x00000000ee780000,0x00000000ef0fee38,0x00000000ef100000)
  to   space 14336K, 0% used [0x00000000f3200000,0x00000000f3200000,0x00000000f4000000)
 ParOldGen       total 42496K, used 17330K [0x00000000c0000000, 0x00000000c2980000, 0x00000000eab00000)
  object space 42496K, 40% used [0x00000000c0000000,0x00000000c10ec8f0,0x00000000c2980000)
 Metaspace       used 5953K, capacity 7024K, committed 7296K, reserved 1056768K
  class space    used 580K, capacity 616K, committed 640K, reserved 1048576K
Event: 7.498 GC heap after
Heap after GC invocations=8 (full 0):
 PSYoungGen      total 133632K, used 14311K [0x00000000eab00000, 0x00000000f4900000, 0x0000000100000000)
  eden space 119296K, 0% used [0x00000000eab00000,0x00000000eab00000,0x00000000f1f80000)
  from space 14336K, 99% used [0x00000000f3200000,0x00000000f3ff9d78,0x00000000f4000000)
  to   space 18944K, 0% used [0x00000000f1f80000,0x00000000f1f80000,0x00000000f3200000)
 ParOldGen       total 42496K, used 22418K [0x00000000c0000000, 0x00000000c2980000, 0x00000000eab00000)
  object space 42496K, 52% used [0x00000000c0000000,0x00000000c15e48b0,0x00000000c2980000)
 Metaspace       used 5953K, capacity 7024K, committed 7296K, reserved 1056768K
  class space    used 580K, capacity 616K, committed 640K, reserved 1048576K
}
Event: 9.416 GC heap before
{Heap before GC invocations=9 (full 0):
 PSYoungGen      total 133632K, used 133607K [0x00000000eab00000, 0x00000000f4900000, 0x0000000100000000)
  eden space 119296K, 100% used [0x00000000eab00000,0x00000000f1f80000,0x00000000f1f80000)
  from space 14336K, 99% used [0x00000000f3200000,0x00000000f3ff9d78,0x00000000f4000000)
  to   space 18944K, 0% used [0x00000000f1f80000,0x00000000f1f80000,0x00000000f3200000)
 ParOldGen       total 42496K, used 22418K [0x00000000c0000000, 0x00000000c2980000, 0x00000000eab00000)
  object space 42496K, 52% used [0x00000000c0000000,0x00000000c15e48b0,0x00000000c2980000)
 Metaspace       used 6115K, capacity 7152K, committed 7296K, reserved 1056768K
  class space    used 580K, capacity 616K, committed 640K, reserved 1048576K
Event: 9.751 GC heap after
Heap after GC invocations=9 (full 0):
 PSYoungGen      total 138240K, used 18936K [0x00000000eab00000, 0x00000000f9a80000, 0x0000000100000000)
  eden space 119296K, 0% used [0x00000000eab00000,0x00000000eab00000,0x00000000f1f80000)
  from space 18944K, 99% used [0x00000000f1f80000,0x00000000f31fe188,0x00000000f3200000)
  to   space 27136K, 0% used [0x00000000f8000000,0x00000000f8000000,0x00000000f9a80000)
 ParOldGen       total 42496K, used 33912K [0x00000000c0000000, 0x00000000c2980000, 0x00000000eab00000)
  object space 42496K, 79% used [0x00000000c0000000,0x00000000c211e128,0x00000000c2980000)
 Metaspace       used 6115K, capacity 7152K, committed 7296K, reserved 1056768K
  class space    used 580K, capacity 616K, committed 640K, reserved 1048576K
}
Event: 9.751 GC heap before
{Heap before GC invocations=10 (full 1):
 PSYoungGen      total 138240K, used 18936K [0x00000000eab00000, 0x00000000f9a80000, 0x0000000100000000)
  eden space 119296K, 0% used [0x00000000eab00000,0x00000000eab00000,0x00000000f1f80000)
  from space 18944K, 99% used [0x00000000f1f80000,0x00000000f31fe188,0x00000000f3200000)
  to   space 27136K, 0% used [0x00000000f8000000,0x00000000f8000000,0x00000000f9a80000)
 ParOldGen       total 42496K, used 33912K [0x00000000c0000000, 0x00000000c2980000, 0x00000000eab00000)
  object space 42496K, 79% used [0x00000000c0000000,0x00000000c211e128,0x00000000c2980000)
 Metaspace       used 6115K, capacity 7152K, committed 7296K, reserved 1056768K
  class space    used 580K, capacity 616K, committed 640K, reserved 1048576K
Event: 11.124 GC heap after
Heap after GC invocations=10 (full 1):
 PSYoungGen      total 138240K, used 6512K [0x00000000eab00000, 0x00000000f9a80000, 0x0000000100000000)
  eden space 119296K, 0% used [0x00000000eab00000,0x00000000eab00000,0x00000000f1f80000)
  from space 18944K, 34% used [0x00000000f1f80000,0x00000000f25dc0b8,0x00000000f3200000)
  to   space 27136K, 0% used [0x00000000f8000000,0x00000000f8000000,0x00000000f9a80000)
 ParOldGen       total 77824K, used 42146K [0x00000000c0000000, 0x00000000c4c00000, 0x00000000eab00000)
  object space 77824K, 54% used [0x00000000c0000000,0x00000000c29289c8,0x00000000c4c00000)
 Metaspace       used 6115K, capacity 7152K, committed 7296K, reserved 1056768K
  class space    used 580K, capacity 616K, committed 640K, reserved 1048576K
}
Event: 12.340 GC heap before
{Heap before GC invocations=11 (full 1):
 PSYoungGen      total 138240K, used 125808K [0x00000000eab00000, 0x00000000f9a80000, 0x0000000100000000)
  eden space 119296K, 100% used [0x00000000eab00000,0x00000000f1f80000,0x00000000f1f80000)
  from space 18944K, 34% used [0x00000000f1f80000,0x00000000f25dc0b8,0x00000000f3200000)
  to   space 27136K, 0% used [0x00000000f8000000,0x00000000f8000000,0x00000000f9a80000)
 ParOldGen       total 77824K, used 42146K [0x00000000c0000000, 0x00000000c4c00000, 0x00000000eab00000)
  object space 77824K, 54% used [0x00000000c0000000,0x00000000c29289c8,0x00000000c4c00000)
 Metaspace       used 6210K, capacity 7152K, committed 7296K, reserved 1056768K
  class space    used 580K, capacity 616K, committed 640K, reserved 1048576K
Event: 12.553 GC heap after
Heap after GC invocations=11 (full 1):
 PSYoungGen      total 169472K, used 20436K [0x00000000eab00000, 0x00000000f9400000, 0x0000000100000000)
  eden space 148992K, 0% used [0x00000000eab00000,0x00000000eab00000,0x00000000f3c80000)
  from space 20480K, 99% used [0x00000000f8000000,0x00000000f93f5080,0x00000000f9400000)
  to   space 29184K, 0% used [0x00000000f5b00000,0x00000000f5b00000,0x00000000f7780000)
 ParOldGen       total 77824K, used 42986K [0x00000000c0000000, 0x00000000c4c00000, 0x00000000eab00000)
  object space 77824K, 55% used [0x00000000c0000000,0x00000000c29fa9c8,0x00000000c4c00000)
 Metaspace       used 6210K, capacity 7152K, committed 7296K, reserved 1056768K
  class space    used 580K, capacity 616K, committed 640K, reserved 1048576K
}
Event: 14.336 GC heap before
{Heap before GC invocations=12 (full 1):
 PSYoungGen      total 169472K, used 169428K [0x00000000eab00000, 0x00000000f9400000, 0x0000000100000000)
  eden space 148992K, 100% used [0x00000000eab00000,0x00000000f3c80000,0x00000000f3c80000)
  from space 20480K, 99% used [0x00000000f8000000,0x00000000f93f5080,0x00000000f9400000)
  to   space 29184K, 0% used [0x00000000f5b00000,0x00000000f5b00000,0x00000000f7780000)
 ParOldGen       total 77824K, used 42986K [0x00000000c0000000, 0x00000000c4c00000, 0x00000000eab00000)
  object space 77824K, 55% used [0x00000000c0000000,0x00000000c29fa9c8,0x00000000c4c00000)
 Metaspace       used 6250K, capacity 7216K, committed 7296K, reserved 1056768K
  class space    used 580K, capacity 616K, committed 640K, reserved 1048576K

